<?xml version="1.0" encoding="UTF-8"?>
<!-- Generated by org.testng.reporters.JUnitXMLReporter -->
<testsuite ignored="1" hostname="DESKTOP-35Q17RE" failures="0" tests="1" name="Default test" time="0.12" errors="0" timestamp="2021-12-29T18:18:26 IST">
  <testcase classname="automation.selenium.Dummytest" name="mainfun" time="0.013"/>
  <testcase classname="automation.selenium.Dummytest" name="xpathfun" time="0.0">
    <ignored/>
  </testcase> <!-- xpathfun -->
</testsuite> <!-- Default test -->
