<?xml version="1.0" encoding="UTF-8"?>
<testng-results ignored="1" total="2" passed="1" failed="0" skipped="0">
  <reporter-output>
  </reporter-output>
  <suite started-at="2021-12-29T18:18:25 IST" name="Default suite" finished-at="2021-12-29T18:18:25 IST" duration-ms="120">
    <groups>
    </groups>
    <test started-at="2021-12-29T18:18:25 IST" name="Default test" finished-at="2021-12-29T18:18:25 IST" duration-ms="120">
      <class name="automation.selenium.Dummytest">
        <test-method signature="mainfun()[pri:0, instance:automation.selenium.Dummytest@73ee04c8]" started-at="2021-12-29T18:18:25 IST" name="mainfun" finished-at="2021-12-29T18:18:25 IST" duration-ms="13" status="PASS">
          <reporter-output>
          </reporter-output>
        </test-method> <!-- mainfun -->
      </class> <!-- automation.selenium.Dummytest -->
    </test> <!-- Default test -->
  </suite> <!-- Default suite -->
</testng-results>
